<?xml version="1.0" encoding="UTF-8"?>
<!-- Generated by org.testng.reporters.JUnitReportReporter -->
<testsuite skipped="0" hostname="LAPTOP-BNLU8FNL" name="sailabala.Testngbasics2" tests="2" failures="0" timestamp="2020-06-07T11:05:06 IST" time="48.623" errors="0">
  <testcase name="setupverify" time="24.347" classname="sailabala.Testngbasics2"/>
  <system-out/>
  <testcase name="verifypagetittletest" time="24.276" classname="sailabala.Testngbasics2"/>
  <system-out/>
</testsuite> <!-- sailabala.Testngbasics2 -->
