<?xml version="1.0" encoding="UTF-8"?>
<!-- Generated by org.testng.reporters.JUnitReportReporter -->
<testsuite skipped="0" hostname="LAPTOP-BNLU8FNL" name="sahadev.Svalue.Flipkart" tests="1" failures="0" timestamp="2020-06-04T11:38:04 IST" time="75.760" errors="0">
  <testcase name="verifylogin" time="75.760" classname="sahadev.Svalue.Flipkart"/>
  <system-out/>
</testsuite> <!-- sahadev.Svalue.Flipkart -->
