<?xml version="1.0" encoding="UTF-8"?>
<!-- Generated by org.testng.reporters.JUnitReportReporter -->
<testsuite skipped="0" hostname="LAPTOP-BNLU8FNL" name="copy.Demo1" tests="1" failures="0" timestamp="2020-06-04T15:58:33 IST" time="22.696" errors="0">
  <testcase name="verifyTitle" time="22.696" classname="copy.Demo1"/>
  <system-out/>
</testsuite> <!-- copy.Demo1 -->
