<?xml version="1.0" encoding="UTF-8"?>
<!-- Generated by org.testng.reporters.JUnitReportReporter -->
<testsuite skipped="0" hostname="LAPTOP-BNLU8FNL" name="sailabala.Anand" tests="2" failures="0" timestamp="2020-06-14T20:38:36 IST" time="0.018" errors="0">
  <testcase name="verifytest" time="0.015" classname="sailabala.Anand"/>
  <system-out/>
  <testcase name="verifytest2" time="0.003" classname="sailabala.Anand"/>
  <system-out/>
</testsuite> <!-- sailabala.Anand -->
