<?xml version="1.0" encoding="UTF-8"?>
<!-- Generated by org.testng.reporters.JUnitReportReporter -->
<testsuite skipped="0" hostname="LAPTOP-BNLU8FNL" name="copy.DataDriven" tests="1" failures="0" timestamp="2020-06-14T21:14:31 IST" time="105.090" errors="0">
  <testcase name="verifyLogin" time="105.090" classname="copy.DataDriven"/>
  <system-out>
No of rows are::9  No of columns are::4 Login SUccess Invalid credentials Invalid credentials Username cannot be empty Password cannot be empty Username cannot be empty Login SUccess Invalid credentials Invalid credentials  </system-out>
</testsuite> <!-- copy.DataDriven -->
