<?xml version="1.0" encoding="UTF-8"?>
<!-- Generated by org.testng.reporters.JUnitReportReporter -->
<testsuite skipped="0" hostname="LAPTOP-BNLU8FNL" name="sailabala.Demoxml" tests="2" failures="0" timestamp="2020-06-07T10:55:56 IST" time="0.018" errors="0">
  <testcase name="verifytest" time="0.016" classname="sailabala.Demoxml"/>
  <system-out/>
  <testcase name="verifytest2" time="0.002" classname="sailabala.Demoxml"/>
  <system-out/>
</testsuite> <!-- sailabala.Demoxml -->
